1586738985277	mozrunner::runner	INFO	Running command: "C:\\Program Files\\Mozilla Firefox\\firefox.exe" "-marionette" "--headless" "-foreground" "-no-remote" "-profile" "C:\\Users\\Woofles\\AppData\\Local\\Temp\\rust_mozprofile7fIeOi"
*** You are running in headless mode.
1586738985778	addons.webextension.doh-rollout@mozilla.org	WARN	Loading extension 'doh-rollout@mozilla.org': Reading manifest: Invalid extension permission: networkStatus
1586738986323	addons.webextension.screenshots@mozilla.org	WARN	Loading extension 'screenshots@mozilla.org': Reading manifest: Invalid extension permission: mozillaAddons
1586738986323	addons.webextension.screenshots@mozilla.org	WARN	Loading extension 'screenshots@mozilla.org': Reading manifest: Invalid extension permission: telemetry
1586738986324	addons.webextension.screenshots@mozilla.org	WARN	Loading extension 'screenshots@mozilla.org': Reading manifest: Invalid extension permission: resource://pdf.js/
1586738986324	addons.webextension.screenshots@mozilla.org	WARN	Loading extension 'screenshots@mozilla.org': Reading manifest: Invalid extension permission: about:reader*
JavaScript error: resource://gre/modules/XULStore.jsm, line 66: Error: Can't find profile directory.
1586738988097	Marionette	INFO	Listening on port 50358
1586738988454	Marionette	WARN	TLS certificate errors will be ignored for this session
JavaScript error: https://maxcdn.bootstrapcdn.com/bootstrap/3.2.0/js/bootstrap.min.js, line 6: Error: Bootstrap's JavaScript requires jQuery
JavaScript error: https://www.dailyindiegame.com/typeahead.min.js, line 7: TypeError: a is undefined
JavaScript error: https://www.dailyindiegame.com/site_weeklybundle_163.html, line 33: ReferenceError: $ is not defined
JavaScript error: https://maxcdn.bootstrapcdn.com/bootstrap/3.2.0/js/bootstrap.min.js, line 6: Error: Bootstrap's JavaScript requires jQuery
JavaScript error: https://www.dailyindiegame.com/typeahead.min.js, line 7: TypeError: a is undefined
JavaScript error: https://www.dailyindiegame.com/site_weeklybundle_163.html, line 33: ReferenceError: $ is not defined
JavaScript error: https://cdn.onesignal.com/sdks/OneSignalPageSDKES6.js?v=150801, line 1: p: OneSignal: This web push config can only be used on http://www.dailyindiegame.com. Your current origin is https://www.dailyindiegame.com.
JavaScript error: https://maxcdn.bootstrapcdn.com/bootstrap/3.2.0/js/bootstrap.min.js, line 6: Error: Bootstrap's JavaScript requires jQuery
JavaScript error: https://www.dailyindiegame.com/typeahead.min.js, line 7: TypeError: a is undefined
JavaScript error: https://www.dailyindiegame.com/site_weeklybundle_163.html, line 33: ReferenceError: $ is not defined
JavaScript error: https://maxcdn.bootstrapcdn.com/bootstrap/3.2.0/js/bootstrap.min.js, line 6: Error: Bootstrap's JavaScript requires jQuery
JavaScript error: https://www.dailyindiegame.com/typeahead.min.js, line 7: TypeError: a is undefined
JavaScript error: https://www.dailyindiegame.com/site_weeklybundle_163.html, line 33: ReferenceError: $ is not defined
JavaScript error: https://cdn.onesignal.com/sdks/OneSignalPageSDKES6.js?v=150801, line 1: p: OneSignal: This web push config can only be used on http://www.dailyindiegame.com. Your current origin is https://www.dailyindiegame.com.
1586738990716	Marionette	INFO	Stopped listening on port 50358
1586738995052	mozrunner::runner	INFO	Running command: "C:\\Program Files\\Mozilla Firefox\\firefox.exe" "-marionette" "--headless" "-foreground" "-no-remote" "-profile" "C:\\Users\\Woofles\\AppData\\Local\\Temp\\rust_mozprofileAbHRBX"
*** You are running in headless mode.
1586738995553	addons.webextension.doh-rollout@mozilla.org	WARN	Loading extension 'doh-rollout@mozilla.org': Reading manifest: Invalid extension permission: networkStatus
1586738995999	addons.webextension.screenshots@mozilla.org	WARN	Loading extension 'screenshots@mozilla.org': Reading manifest: Invalid extension permission: mozillaAddons
1586738996000	addons.webextension.screenshots@mozilla.org	WARN	Loading extension 'screenshots@mozilla.org': Reading manifest: Invalid extension permission: telemetry
1586738996000	addons.webextension.screenshots@mozilla.org	WARN	Loading extension 'screenshots@mozilla.org': Reading manifest: Invalid extension permission: resource://pdf.js/
1586738996000	addons.webextension.screenshots@mozilla.org	WARN	Loading extension 'screenshots@mozilla.org': Reading manifest: Invalid extension permission: about:reader*
JavaScript error: resource://gre/modules/XULStore.jsm, line 66: Error: Can't find profile directory.
1586738997988	Marionette	INFO	Listening on port 50429
1586738998219	Marionette	WARN	TLS certificate errors will be ignored for this session
JavaScript error: resource://gre/actors/PictureInPictureChild.jsm, line 114: InvalidStateError: An attempt was made to use an object that is not, or is no longer, usable
JavaScript error: resource://gre/actors/PictureInPictureChild.jsm, line 114: InvalidStateError: An attempt was made to use an object that is not, or is no longer, usable
1586739006826	Marionette	INFO	Stopped listening on port 50429
JavaScript error: resource://gre/actors/ThumbnailsChild.jsm, line 29: InvalidStateError: An attempt was made to use an object that is not, or is no longer, usable
1586739011387	mozrunner::runner	INFO	Running command: "C:\\Program Files\\Mozilla Firefox\\firefox.exe" "-marionette" "--headless" "-foreground" "-no-remote" "-profile" "C:\\Users\\Woofles\\AppData\\Local\\Temp\\rust_mozprofileOv2OHs"
*** You are running in headless mode.
1586739011997	addons.webextension.doh-rollout@mozilla.org	WARN	Loading extension 'doh-rollout@mozilla.org': Reading manifest: Invalid extension permission: networkStatus
1586739012444	addons.webextension.screenshots@mozilla.org	WARN	Loading extension 'screenshots@mozilla.org': Reading manifest: Invalid extension permission: mozillaAddons
1586739012444	addons.webextension.screenshots@mozilla.org	WARN	Loading extension 'screenshots@mozilla.org': Reading manifest: Invalid extension permission: telemetry
1586739012445	addons.webextension.screenshots@mozilla.org	WARN	Loading extension 'screenshots@mozilla.org': Reading manifest: Invalid extension permission: resource://pdf.js/
1586739012445	addons.webextension.screenshots@mozilla.org	WARN	Loading extension 'screenshots@mozilla.org': Reading manifest: Invalid extension permission: about:reader*
JavaScript error: resource://gre/modules/XULStore.jsm, line 66: Error: Can't find profile directory.
1586739014313	Marionette	INFO	Listening on port 50504
1586739014561	Marionette	WARN	TLS certificate errors will be ignored for this session
JavaScript error: resource://gre/actors/PictureInPictureChild.jsm, line 114: InvalidStateError: An attempt was made to use an object that is not, or is no longer, usable
JavaScript error: resource://gre/actors/PictureInPictureChild.jsm, line 114: InvalidStateError: An attempt was made to use an object that is not, or is no longer, usable
1586739023169	Marionette	INFO	Stopped listening on port 50504
1586739027535	mozrunner::runner	INFO	Running command: "C:\\Program Files\\Mozilla Firefox\\firefox.exe" "-marionette" "--headless" "-foreground" "-no-remote" "-profile" "C:\\Users\\Woofles\\AppData\\Local\\Temp\\rust_mozprofile94P1XM"
*** You are running in headless mode.
1586739028056	addons.webextension.doh-rollout@mozilla.org	WARN	Loading extension 'doh-rollout@mozilla.org': Reading manifest: Invalid extension permission: networkStatus
1586739028510	addons.webextension.screenshots@mozilla.org	WARN	Loading extension 'screenshots@mozilla.org': Reading manifest: Invalid extension permission: mozillaAddons
1586739028510	addons.webextension.screenshots@mozilla.org	WARN	Loading extension 'screenshots@mozilla.org': Reading manifest: Invalid extension permission: telemetry
1586739028510	addons.webextension.screenshots@mozilla.org	WARN	Loading extension 'screenshots@mozilla.org': Reading manifest: Invalid extension permission: resource://pdf.js/
1586739028511	addons.webextension.screenshots@mozilla.org	WARN	Loading extension 'screenshots@mozilla.org': Reading manifest: Invalid extension permission: about:reader*
JavaScript error: resource://gre/modules/XULStore.jsm, line 66: Error: Can't find profile directory.
1586739030222	Marionette	INFO	Listening on port 50588
1586739030720	Marionette	WARN	TLS certificate errors will be ignored for this session
JavaScript error: resource://gre/actors/PictureInPictureChild.jsm, line 114: InvalidStateError: An attempt was made to use an object that is not, or is no longer, usable
JavaScript error: resource://gre/actors/PictureInPictureChild.jsm, line 114: InvalidStateError: An attempt was made to use an object that is not, or is no longer, usable
1586739039275	Marionette	INFO	Stopped listening on port 50588
1586741839604	mozrunner::runner	INFO	Running command: "C:\\Program Files\\Mozilla Firefox\\firefox.exe" "-marionette" "--headless" "-foreground" "-no-remote" "-profile" "C:\\Users\\Woofles\\AppData\\Local\\Temp\\rust_mozprofileWgfRvS"
*** You are running in headless mode.
1586741840140	addons.webextension.doh-rollout@mozilla.org	WARN	Loading extension 'doh-rollout@mozilla.org': Reading manifest: Invalid extension permission: networkStatus
1586741840592	addons.webextension.screenshots@mozilla.org	WARN	Loading extension 'screenshots@mozilla.org': Reading manifest: Invalid extension permission: mozillaAddons
1586741840592	addons.webextension.screenshots@mozilla.org	WARN	Loading extension 'screenshots@mozilla.org': Reading manifest: Invalid extension permission: telemetry
1586741840592	addons.webextension.screenshots@mozilla.org	WARN	Loading extension 'screenshots@mozilla.org': Reading manifest: Invalid extension permission: resource://pdf.js/
1586741840592	addons.webextension.screenshots@mozilla.org	WARN	Loading extension 'screenshots@mozilla.org': Reading manifest: Invalid extension permission: about:reader*
JavaScript error: resource://gre/modules/XULStore.jsm, line 66: Error: Can't find profile directory.
1586741842382	Marionette	INFO	Listening on port 51286
1586741842800	Marionette	WARN	TLS certificate errors will be ignored for this session
JavaScript error: resource://gre/actors/PictureInPictureChild.jsm, line 114: InvalidStateError: An attempt was made to use an object that is not, or is no longer, usable
JavaScript error: resource://gre/actors/PictureInPictureChild.jsm, line 114: InvalidStateError: An attempt was made to use an object that is not, or is no longer, usable
1586741851309	Marionette	INFO	Stopped listening on port 51286
1586741856014	mozrunner::runner	INFO	Running command: "C:\\Program Files\\Mozilla Firefox\\firefox.exe" "-marionette" "--headless" "-foreground" "-no-remote" "-profile" "C:\\Users\\Woofles\\AppData\\Local\\Temp\\rust_mozprofile5SkVVX"
*** You are running in headless mode.
1586741856521	addons.webextension.doh-rollout@mozilla.org	WARN	Loading extension 'doh-rollout@mozilla.org': Reading manifest: Invalid extension permission: networkStatus
1586741856969	addons.webextension.screenshots@mozilla.org	WARN	Loading extension 'screenshots@mozilla.org': Reading manifest: Invalid extension permission: mozillaAddons
1586741856969	addons.webextension.screenshots@mozilla.org	WARN	Loading extension 'screenshots@mozilla.org': Reading manifest: Invalid extension permission: telemetry
1586741856969	addons.webextension.screenshots@mozilla.org	WARN	Loading extension 'screenshots@mozilla.org': Reading manifest: Invalid extension permission: resource://pdf.js/
1586741856969	addons.webextension.screenshots@mozilla.org	WARN	Loading extension 'screenshots@mozilla.org': Reading manifest: Invalid extension permission: about:reader*
JavaScript error: resource://gre/modules/XULStore.jsm, line 66: Error: Can't find profile directory.
1586741858775	Marionette	INFO	Listening on port 51355
1586741859188	Marionette	WARN	TLS certificate errors will be ignored for this session
JavaScript error: resource://gre/actors/PictureInPictureChild.jsm, line 114: InvalidStateError: An attempt was made to use an object that is not, or is no longer, usable
JavaScript error: resource://gre/actors/PictureInPictureChild.jsm, line 114: InvalidStateError: An attempt was made to use an object that is not, or is no longer, usable
1586741867895	Marionette	INFO	Stopped listening on port 51355
1586741872477	mozrunner::runner	INFO	Running command: "C:\\Program Files\\Mozilla Firefox\\firefox.exe" "-marionette" "--headless" "-foreground" "-no-remote" "-profile" "C:\\Users\\Woofles\\AppData\\Local\\Temp\\rust_mozprofileQvLW2W"
*** You are running in headless mode.
1586741872985	addons.webextension.doh-rollout@mozilla.org	WARN	Loading extension 'doh-rollout@mozilla.org': Reading manifest: Invalid extension permission: networkStatus
1586741873427	addons.webextension.screenshots@mozilla.org	WARN	Loading extension 'screenshots@mozilla.org': Reading manifest: Invalid extension permission: mozillaAddons
1586741873427	addons.webextension.screenshots@mozilla.org	WARN	Loading extension 'screenshots@mozilla.org': Reading manifest: Invalid extension permission: telemetry
1586741873427	addons.webextension.screenshots@mozilla.org	WARN	Loading extension 'screenshots@mozilla.org': Reading manifest: Invalid extension permission: resource://pdf.js/
1586741873427	addons.webextension.screenshots@mozilla.org	WARN	Loading extension 'screenshots@mozilla.org': Reading manifest: Invalid extension permission: about:reader*
JavaScript error: resource://gre/modules/XULStore.jsm, line 66: Error: Can't find profile directory.
1586741875216	Marionette	INFO	Listening on port 51432
1586741875650	Marionette	WARN	TLS certificate errors will be ignored for this session
JavaScript error: https://maxcdn.bootstrapcdn.com/bootstrap/3.2.0/js/bootstrap.min.js, line 6: Error: Bootstrap's JavaScript requires jQuery
JavaScript error: https://www.dailyindiegame.com/typeahead.min.js, line 7: TypeError: a is undefined
JavaScript error: https://www.dailyindiegame.com/site_weeklybundle_163.html, line 33: ReferenceError: $ is not defined
JavaScript error: https://maxcdn.bootstrapcdn.com/bootstrap/3.2.0/js/bootstrap.min.js, line 6: Error: Bootstrap's JavaScript requires jQuery
JavaScript error: https://www.dailyindiegame.com/typeahead.min.js, line 7: TypeError: a is undefined
JavaScript error: https://www.dailyindiegame.com/site_weeklybundle_163.html, line 33: ReferenceError: $ is not defined
JavaScript error: https://cdn.onesignal.com/sdks/OneSignalPageSDKES6.js?v=150801, line 1: p: OneSignal: This web push config can only be used on http://www.dailyindiegame.com. Your current origin is https://www.dailyindiegame.com.
JavaScript error: https://maxcdn.bootstrapcdn.com/bootstrap/3.2.0/js/bootstrap.min.js, line 6: Error: Bootstrap's JavaScript requires jQuery
JavaScript error: https://www.dailyindiegame.com/typeahead.min.js, line 7: TypeError: a is undefined
JavaScript error: https://www.dailyindiegame.com/site_weeklybundle_163.html, line 33: ReferenceError: $ is not defined
JavaScript error: https://maxcdn.bootstrapcdn.com/bootstrap/3.2.0/js/bootstrap.min.js, line 6: Error: Bootstrap's JavaScript requires jQuery
JavaScript error: https://www.dailyindiegame.com/typeahead.min.js, line 7: TypeError: a is undefined
JavaScript error: https://www.dailyindiegame.com/site_weeklybundle_163.html, line 33: ReferenceError: $ is not defined
JavaScript error: https://cdn.onesignal.com/sdks/OneSignalPageSDKES6.js?v=150801, line 1: p: OneSignal: This web push config can only be used on http://www.dailyindiegame.com. Your current origin is https://www.dailyindiegame.com.
1586741878019	Marionette	INFO	Stopped listening on port 51432
1586741882357	mozrunner::runner	INFO	Running command: "C:\\Program Files\\Mozilla Firefox\\firefox.exe" "-marionette" "--headless" "-foreground" "-no-remote" "-profile" "C:\\Users\\Woofles\\AppData\\Local\\Temp\\rust_mozprofileNP0CNx"
*** You are running in headless mode.
1586741882862	addons.webextension.doh-rollout@mozilla.org	WARN	Loading extension 'doh-rollout@mozilla.org': Reading manifest: Invalid extension permission: networkStatus
1586741883436	addons.webextension.screenshots@mozilla.org	WARN	Loading extension 'screenshots@mozilla.org': Reading manifest: Invalid extension permission: mozillaAddons
1586741883436	addons.webextension.screenshots@mozilla.org	WARN	Loading extension 'screenshots@mozilla.org': Reading manifest: Invalid extension permission: telemetry
1586741883436	addons.webextension.screenshots@mozilla.org	WARN	Loading extension 'screenshots@mozilla.org': Reading manifest: Invalid extension permission: resource://pdf.js/
1586741883436	addons.webextension.screenshots@mozilla.org	WARN	Loading extension 'screenshots@mozilla.org': Reading manifest: Invalid extension permission: about:reader*
JavaScript error: resource://gre/modules/XULStore.jsm, line 66: Error: Can't find profile directory.
1586741885279	Marionette	INFO	Listening on port 51504
1586741885530	Marionette	WARN	TLS certificate errors will be ignored for this session
JavaScript error: resource://gre/actors/PictureInPictureChild.jsm, line 114: InvalidStateError: An attempt was made to use an object that is not, or is no longer, usable
JavaScript error: resource://gre/actors/PictureInPictureChild.jsm, line 114: InvalidStateError: An attempt was made to use an object that is not, or is no longer, usable
1586741894066	Marionette	INFO	Stopped listening on port 51504
1586744396383	mozrunner::runner	INFO	Running command: "C:\\Program Files\\Mozilla Firefox\\firefox.exe" "-marionette" "--headless" "-foreground" "-no-remote" "-profile" "C:\\Users\\Woofles\\AppData\\Local\\Temp\\rust_mozprofile1Gf4eO"
*** You are running in headless mode.
1586744396897	addons.webextension.doh-rollout@mozilla.org	WARN	Loading extension 'doh-rollout@mozilla.org': Reading manifest: Invalid extension permission: networkStatus
1586744397345	addons.webextension.screenshots@mozilla.org	WARN	Loading extension 'screenshots@mozilla.org': Reading manifest: Invalid extension permission: mozillaAddons
1586744397345	addons.webextension.screenshots@mozilla.org	WARN	Loading extension 'screenshots@mozilla.org': Reading manifest: Invalid extension permission: telemetry
1586744397345	addons.webextension.screenshots@mozilla.org	WARN	Loading extension 'screenshots@mozilla.org': Reading manifest: Invalid extension permission: resource://pdf.js/
1586744397345	addons.webextension.screenshots@mozilla.org	WARN	Loading extension 'screenshots@mozilla.org': Reading manifest: Invalid extension permission: about:reader*
JavaScript error: resource://gre/modules/XULStore.jsm, line 66: Error: Can't find profile directory.
1586744399115	Marionette	INFO	Listening on port 51920
1586744399560	Marionette	WARN	TLS certificate errors will be ignored for this session
JavaScript error: resource://gre/actors/PictureInPictureChild.jsm, line 114: InvalidStateError: An attempt was made to use an object that is not, or is no longer, usable
1586744408469	Marionette	INFO	Stopped listening on port 51920
JavaScript error: resource://gre/actors/ThumbnailsChild.jsm, line 29: InvalidStateError: An attempt was made to use an object that is not, or is no longer, usable
1586744412921	mozrunner::runner	INFO	Running command: "C:\\Program Files\\Mozilla Firefox\\firefox.exe" "-marionette" "--headless" "-foreground" "-no-remote" "-profile" "C:\\Users\\Woofles\\AppData\\Local\\Temp\\rust_mozprofileLT3c2y"
*** You are running in headless mode.
1586744413430	addons.webextension.doh-rollout@mozilla.org	WARN	Loading extension 'doh-rollout@mozilla.org': Reading manifest: Invalid extension permission: networkStatus
1586744413880	addons.webextension.screenshots@mozilla.org	WARN	Loading extension 'screenshots@mozilla.org': Reading manifest: Invalid extension permission: mozillaAddons
1586744413880	addons.webextension.screenshots@mozilla.org	WARN	Loading extension 'screenshots@mozilla.org': Reading manifest: Invalid extension permission: telemetry
1586744413880	addons.webextension.screenshots@mozilla.org	WARN	Loading extension 'screenshots@mozilla.org': Reading manifest: Invalid extension permission: resource://pdf.js/
1586744413880	addons.webextension.screenshots@mozilla.org	WARN	Loading extension 'screenshots@mozilla.org': Reading manifest: Invalid extension permission: about:reader*
JavaScript error: resource://gre/modules/XULStore.jsm, line 66: Error: Can't find profile directory.
1586744415684	Marionette	INFO	Listening on port 51997
1586744416094	Marionette	WARN	TLS certificate errors will be ignored for this session
JavaScript error: resource://gre/actors/PictureInPictureChild.jsm, line 114: InvalidStateError: An attempt was made to use an object that is not, or is no longer, usable
JavaScript error: resource://gre/actors/PictureInPictureChild.jsm, line 114: InvalidStateError: An attempt was made to use an object that is not, or is no longer, usable
1586744424456	Marionette	INFO	Stopped listening on port 51997
1586744428860	mozrunner::runner	INFO	Running command: "C:\\Program Files\\Mozilla Firefox\\firefox.exe" "-marionette" "--headless" "-foreground" "-no-remote" "-profile" "C:\\Users\\Woofles\\AppData\\Local\\Temp\\rust_mozprofilerapTYs"
*** You are running in headless mode.
1586744429370	addons.webextension.doh-rollout@mozilla.org	WARN	Loading extension 'doh-rollout@mozilla.org': Reading manifest: Invalid extension permission: networkStatus
1586744429964	addons.webextension.screenshots@mozilla.org	WARN	Loading extension 'screenshots@mozilla.org': Reading manifest: Invalid extension permission: mozillaAddons
1586744429964	addons.webextension.screenshots@mozilla.org	WARN	Loading extension 'screenshots@mozilla.org': Reading manifest: Invalid extension permission: telemetry
1586744429964	addons.webextension.screenshots@mozilla.org	WARN	Loading extension 'screenshots@mozilla.org': Reading manifest: Invalid extension permission: resource://pdf.js/
1586744429964	addons.webextension.screenshots@mozilla.org	WARN	Loading extension 'screenshots@mozilla.org': Reading manifest: Invalid extension permission: about:reader*
JavaScript error: resource://gre/modules/XULStore.jsm, line 66: Error: Can't find profile directory.
1586744431815	Marionette	INFO	Listening on port 52073
1586744432032	Marionette	WARN	TLS certificate errors will be ignored for this session
JavaScript error: https://maxcdn.bootstrapcdn.com/bootstrap/3.2.0/js/bootstrap.min.js, line 6: Error: Bootstrap's JavaScript requires jQuery
JavaScript error: https://www.dailyindiegame.com/typeahead.min.js, line 7: TypeError: a is undefined
JavaScript error: https://www.dailyindiegame.com/site_weeklybundle_163.html, line 33: ReferenceError: $ is not defined
JavaScript error: https://maxcdn.bootstrapcdn.com/bootstrap/3.2.0/js/bootstrap.min.js, line 6: Error: Bootstrap's JavaScript requires jQuery
JavaScript error: https://www.dailyindiegame.com/typeahead.min.js, line 7: TypeError: a is undefined
JavaScript error: https://www.dailyindiegame.com/site_weeklybundle_163.html, line 33: ReferenceError: $ is not defined
JavaScript error: https://cdn.onesignal.com/sdks/OneSignalPageSDKES6.js?v=150801, line 1: p: OneSignal: This web push config can only be used on http://www.dailyindiegame.com. Your current origin is https://www.dailyindiegame.com.
JavaScript error: https://maxcdn.bootstrapcdn.com/bootstrap/3.2.0/js/bootstrap.min.js, line 6: Error: Bootstrap's JavaScript requires jQuery
JavaScript error: https://www.dailyindiegame.com/typeahead.min.js, line 7: TypeError: a is undefined
JavaScript error: https://www.dailyindiegame.com/site_weeklybundle_163.html, line 33: ReferenceError: $ is not defined
JavaScript error: https://maxcdn.bootstrapcdn.com/bootstrap/3.2.0/js/bootstrap.min.js, line 6: Error: Bootstrap's JavaScript requires jQuery
JavaScript error: https://www.dailyindiegame.com/typeahead.min.js, line 7: TypeError: a is undefined
JavaScript error: https://www.dailyindiegame.com/site_weeklybundle_163.html, line 33: ReferenceError: $ is not defined
JavaScript error: https://cdn.onesignal.com/sdks/OneSignalPageSDKES6.js?v=150801, line 1: p: OneSignal: This web push config can only be used on http://www.dailyindiegame.com. Your current origin is https://www.dailyindiegame.com.
1586744434417	Marionette	INFO	Stopped listening on port 52073
1586744438912	mozrunner::runner	INFO	Running command: "C:\\Program Files\\Mozilla Firefox\\firefox.exe" "-marionette" "--headless" "-foreground" "-no-remote" "-profile" "C:\\Users\\Woofles\\AppData\\Local\\Temp\\rust_mozprofile4rIkiM"
*** You are running in headless mode.
1586744439425	addons.webextension.doh-rollout@mozilla.org	WARN	Loading extension 'doh-rollout@mozilla.org': Reading manifest: Invalid extension permission: networkStatus
1586744439878	addons.webextension.screenshots@mozilla.org	WARN	Loading extension 'screenshots@mozilla.org': Reading manifest: Invalid extension permission: mozillaAddons
1586744439878	addons.webextension.screenshots@mozilla.org	WARN	Loading extension 'screenshots@mozilla.org': Reading manifest: Invalid extension permission: telemetry
1586744439878	addons.webextension.screenshots@mozilla.org	WARN	Loading extension 'screenshots@mozilla.org': Reading manifest: Invalid extension permission: resource://pdf.js/
1586744439878	addons.webextension.screenshots@mozilla.org	WARN	Loading extension 'screenshots@mozilla.org': Reading manifest: Invalid extension permission: about:reader*
JavaScript error: resource://gre/modules/XULStore.jsm, line 66: Error: Can't find profile directory.
1586744441667	Marionette	INFO	Listening on port 52145
1586744442085	Marionette	WARN	TLS certificate errors will be ignored for this session
JavaScript error: resource://gre/actors/PictureInPictureChild.jsm, line 114: InvalidStateError: An attempt was made to use an object that is not, or is no longer, usable
JavaScript error: resource://gre/actors/PictureInPictureChild.jsm, line 114: InvalidStateError: An attempt was made to use an object that is not, or is no longer, usable
1586744450815	Marionette	INFO	Stopped listening on port 52145
